[      96ms] [INFO] %cDownload the React DevTools for a better development experience: https://reactjs.org/link/react-devtools font-weight:bold @ http://localhost:5173/node_modules/.vite/deps/chunk-QE7D6GJK.js?v=1f7be3cd:21608
[     121ms] [LOG] ✅ Convex connected: https://elegant-mallard-690.convex.cloud @ http://localhost:5173/src/config/convex.ts:54
[     156ms] [LOG] ✓ Sentry initialized for error monitoring @ http://localhost:5173/node_modules/.vite/deps/@sentry_react.js?v=1f7be3cd:6552
[     171ms] [WARNING] ⚠️ React Router Future Flag Warning: React Router will begin wrapping state updates in `React.startTransition` in v7. You can use the `v7_startTransition` future flag to opt-in early. For more information, see https://reactrouter.com/v6/upgrading/future#v7_starttransition. @ http://localhost:5173/node_modules/.vite/deps/@sentry_react.js?v=1f7be3cd:6552
[     171ms] [WARNING] ⚠️ React Router Future Flag Warning: Relative route resolution within Splat routes is changing in v7. You can use the `v7_relativeSplatPath` future flag to opt-in early. For more information, see https://reactrouter.com/v6/upgrading/future#v7_relativesplatpath. @ http://localhost:5173/node_modules/.vite/deps/@sentry_react.js?v=1f7be3cd:6552
[    1170ms] [WARNING] Clerk: Clerk has been loaded with development keys. Development instances have strict usage limits and should not be used when deploying your application to production. Learn more: https://clerk.com/docs/deployments/overview @ http://localhost:5173/node_modules/.vite/deps/@sentry_react.js?v=1f7be3cd:6552
[  128627ms] [ERROR] Failed to load resource: the server responded with a status of 500 (Internal Server Error) @ http://localhost:5173/api/studio/create-org:0
[  128628ms] [WARNING] Org creation returned non-ok: undefined @ http://localhost:5173/node_modules/.vite/deps/@sentry_react.js?v=1f7be3cd:6552
[ 5326254ms] [LOG] WebSocket closed with code 1006 @ http://localhost:5173/node_modules/.vite/deps/@sentry_react.js?v=1f7be3cd:6552
[ 5326255ms] [LOG] Attempting reconnect in 866ms @ http://localhost:5173/node_modules/.vite/deps/@sentry_react.js?v=1f7be3cd:6552
[ 5327642ms] [LOG] WebSocket reconnected at t=5327.6s after disconnect due to closed with code 1006 @ http://localhost:5173/node_modules/.vite/deps/@sentry_react.js?v=1f7be3cd:6552
[17650272ms] [LOG] WebSocket closed with code 1006 @ http://localhost:5173/node_modules/.vite/deps/@sentry_react.js?v=1f7be3cd:6552
[17650272ms] [LOG] Attempting reconnect in 937ms @ http://localhost:5173/node_modules/.vite/deps/@sentry_react.js?v=1f7be3cd:6552
[17651551ms] [LOG] WebSocket reconnected at t=17651.5s after disconnect due to closed with code 1006 @ http://localhost:5173/node_modules/.vite/deps/@sentry_react.js?v=1f7be3cd:6552
[18848924ms] [LOG] WebSocket closed with code 1006 @ http://localhost:5173/node_modules/.vite/deps/@sentry_react.js?v=1f7be3cd:6552
[18848924ms] [LOG] Attempting reconnect in 1031ms @ http://localhost:5173/node_modules/.vite/deps/@sentry_react.js?v=1f7be3cd:6552
[18850332ms] [LOG] WebSocket reconnected at t=18850.3s after disconnect due to closed with code 1006 @ http://localhost:5173/node_modules/.vite/deps/@sentry_react.js?v=1f7be3cd:6552
[23648802ms] [ERROR] Failed to load resource: the server responded with a status of 401 () @ https://real-barnacle-15.clerk.accounts.dev/v1/client/sessions/sess_3C6c8SBqf9zKT4xCdmPIAxFGvE8/tokens?__clerk_api_version=2025-11-10&_clerk_js_version=6.6.0&__clerk_db_jwt=dvb_3C6c155irNhCjTllfDVnBzLvoYN:0
[23649329ms] [VERBOSE] [DOM] Input elements should have autocomplete attributes (suggested: "current-password"): (More info: https://goo.gl/9p2vKq) %o @ http://localhost:5173/studio-manager:0
[25513983ms] [LOG] WebSocket closed with code 1006 @ http://localhost:5173/node_modules/.vite/deps/@sentry_react.js?v=1f7be3cd:6552
[25513984ms] [LOG] Attempting reconnect in 597ms @ http://localhost:5173/node_modules/.vite/deps/@sentry_react.js?v=1f7be3cd:6552
[25514947ms] [LOG] WebSocket reconnected at t=25512.7s after disconnect due to closed with code 1006 @ http://localhost:5173/node_modules/.vite/deps/@sentry_react.js?v=1f7be3cd:6552
[26796604ms] [LOG] WebSocket closed with code 1006 @ http://localhost:5173/node_modules/.vite/deps/@sentry_react.js?v=1f7be3cd:6552
[26796605ms] [LOG] Attempting reconnect in 1053ms @ http://localhost:5173/node_modules/.vite/deps/@sentry_react.js?v=1f7be3cd:6552
[26798033ms] [LOG] WebSocket reconnected at t=26795.8s after disconnect due to closed with code 1006 @ http://localhost:5173/node_modules/.vite/deps/@sentry_react.js?v=1f7be3cd:6552
[47921605ms] [LOG] WebSocket closed with code 1006 @ http://localhost:5173/node_modules/.vite/deps/@sentry_react.js?v=1f7be3cd:6552
[47921605ms] [LOG] Attempting reconnect in 1005ms @ http://localhost:5173/node_modules/.vite/deps/@sentry_react.js?v=1f7be3cd:6552
[47922964ms] [LOG] WebSocket reconnected at t=47920.8s after disconnect due to closed with code 1006 @ http://localhost:5173/node_modules/.vite/deps/@sentry_react.js?v=1f7be3cd:6552
